<?xml version="1.0" encoding="UTF-8"?>
<testsuite xmlns:xsi="http://www.w3.org/2001/XMLSchema-instance" xsi:noNamespaceSchemaLocation="https://maven.apache.org/surefire/maven-surefire-plugin/xsd/surefire-test-report-3.0.xsd" version="3.0" name="com.hotel.reservationSystem.services.ReservationServiceTest" time="4.738" tests="9" errors="0" skipped="0" failures="0">
  <properties>
    <property name="java.specification.version" value="20"/>
    <property name="sun.jnu.encoding" value="UTF-8"/>
    <property name="java.class.path" value="/Users/rybina/CTU/hotelreservation/target/test-classes:/Users/rybina/CTU/hotelreservation/target/classes:/Users/rybina/.m2/repository/org/passay/passay/1.6.4/passay-1.6.4.jar:/Users/rybina/.m2/repository/com/h2database/h2/2.1.214/h2-2.1.214.jar:/Users/rybina/.m2/repository/org/springframework/boot/spring-boot-starter-data-jpa/3.1.5/spring-boot-starter-data-jpa-3.1.5.jar:/Users/rybina/.m2/repository/org/springframework/boot/spring-boot-starter-aop/3.1.5/spring-boot-starter-aop-3.1.5.jar:/Users/rybina/.m2/repository/org/aspectj/aspectjweaver/1.9.20/aspectjweaver-1.9.20.jar:/Users/rybina/.m2/repository/org/springframework/boot/spring-boot-starter-jdbc/3.1.5/spring-boot-starter-jdbc-3.1.5.jar:/Users/rybina/.m2/repository/com/zaxxer/HikariCP/5.0.1/HikariCP-5.0.1.jar:/Users/rybina/.m2/repository/org/springframework/spring-jdbc/6.0.13/spring-jdbc-6.0.13.jar:/Users/rybina/.m2/repository/org/hibernate/orm/hibernate-core/6.2.13.Final/hibernate-core-6.2.13.Final.jar:/Users/rybina/.m2/repository/jakarta/persistence/jakarta.persistence-api/3.1.0/jakarta.persistence-api-3.1.0.jar:/Users/rybina/.m2/repository/jakarta/transaction/jakarta.transaction-api/2.0.1/jakarta.transaction-api-2.0.1.jar:/Users/rybina/.m2/repository/org/hibernate/common/hibernate-commons-annotations/6.0.6.Final/hibernate-commons-annotations-6.0.6.Final.jar:/Users/rybina/.m2/repository/io/smallrye/jandex/3.0.5/jandex-3.0.5.jar:/Users/rybina/.m2/repository/com/fasterxml/classmate/1.5.1/classmate-1.5.1.jar:/Users/rybina/.m2/repository/jakarta/inject/jakarta.inject-api/2.0.1/jakarta.inject-api-2.0.1.jar:/Users/rybina/.m2/repository/org/springframework/data/spring-data-jpa/3.1.5/spring-data-jpa-3.1.5.jar:/Users/rybina/.m2/repository/org/springframework/data/spring-data-commons/3.1.5/spring-data-commons-3.1.5.jar:/Users/rybina/.m2/repository/org/springframework/spring-orm/6.0.13/spring-orm-6.0.13.jar:/Users/rybina/.m2/repository/org/springframework/spring-tx/6.0.13/spring-tx-6.0.13.jar:/Users/rybina/.m2/repository/jakarta/annotation/jakarta.annotation-api/2.1.1/jakarta.annotation-api-2.1.1.jar:/Users/rybina/.m2/repository/org/slf4j/slf4j-api/2.0.9/slf4j-api-2.0.9.jar:/Users/rybina/.m2/repository/org/springframework/spring-aspects/6.0.13/spring-aspects-6.0.13.jar:/Users/rybina/.m2/repository/org/springframework/boot/spring-boot-starter-security/3.1.5/spring-boot-starter-security-3.1.5.jar:/Users/rybina/.m2/repository/org/springframework/boot/spring-boot-starter/3.1.5/spring-boot-starter-3.1.5.jar:/Users/rybina/.m2/repository/org/springframework/boot/spring-boot/3.1.5/spring-boot-3.1.5.jar:/Users/rybina/.m2/repository/org/springframework/boot/spring-boot-autoconfigure/3.1.5/spring-boot-autoconfigure-3.1.5.jar:/Users/rybina/.m2/repository/org/springframework/boot/spring-boot-starter-logging/3.1.5/spring-boot-starter-logging-3.1.5.jar:/Users/rybina/.m2/repository/ch/qos/logback/logback-classic/1.4.11/logback-classic-1.4.11.jar:/Users/rybina/.m2/repository/ch/qos/logback/logback-core/1.4.11/logback-core-1.4.11.jar:/Users/rybina/.m2/repository/org/apache/logging/log4j/log4j-to-slf4j/2.20.0/log4j-to-slf4j-2.20.0.jar:/Users/rybina/.m2/repository/org/apache/logging/log4j/log4j-api/2.20.0/log4j-api-2.20.0.jar:/Users/rybina/.m2/repository/org/slf4j/jul-to-slf4j/2.0.9/jul-to-slf4j-2.0.9.jar:/Users/rybina/.m2/repository/org/yaml/snakeyaml/1.33/snakeyaml-1.33.jar:/Users/rybina/.m2/repository/org/springframework/spring-aop/6.0.13/spring-aop-6.0.13.jar:/Users/rybina/.m2/repository/org/springframework/security/spring-security-config/6.1.5/spring-security-config-6.1.5.jar:/Users/rybina/.m2/repository/org/springframework/security/spring-security-web/6.1.5/spring-security-web-6.1.5.jar:/Users/rybina/.m2/repository/org/springframework/boot/spring-boot-starter-thymeleaf/3.1.5/spring-boot-starter-thymeleaf-3.1.5.jar:/Users/rybina/.m2/repository/org/thymeleaf/thymeleaf-spring6/3.1.2.RELEASE/thymeleaf-spring6-3.1.2.RELEASE.jar:/Users/rybina/.m2/repository/org/thymeleaf/thymeleaf/3.1.2.RELEASE/thymeleaf-3.1.2.RELEASE.jar:/Users/rybina/.m2/repository/org/attoparser/attoparser/2.0.7.RELEASE/attoparser-2.0.7.RELEASE.jar:/Users/rybina/.m2/repository/org/unbescape/unbescape/1.1.6.RELEASE/unbescape-1.1.6.RELEASE.jar:/Users/rybina/.m2/repository/org/springframework/boot/spring-boot-starter-validation/3.1.5/spring-boot-starter-validation-3.1.5.jar:/Users/rybina/.m2/repository/org/apache/tomcat/embed/tomcat-embed-el/10.1.15/tomcat-embed-el-10.1.15.jar:/Users/rybina/.m2/repository/org/hibernate/validator/hibernate-validator/8.0.1.Final/hibernate-validator-8.0.1.Final.jar:/Users/rybina/.m2/repository/jakarta/validation/jakarta.validation-api/3.0.2/jakarta.validation-api-3.0.2.jar:/Users/rybina/.m2/repository/org/springframework/boot/spring-boot-starter-web/3.1.5/spring-boot-starter-web-3.1.5.jar:/Users/rybina/.m2/repository/org/springframework/boot/spring-boot-starter-json/3.1.5/spring-boot-starter-json-3.1.5.jar:/Users/rybina/.m2/repository/com/fasterxml/jackson/core/jackson-databind/2.15.3/jackson-databind-2.15.3.jar:/Users/rybina/.m2/repository/com/fasterxml/jackson/core/jackson-annotations/2.15.3/jackson-annotations-2.15.3.jar:/Users/rybina/.m2/repository/com/fasterxml/jackson/core/jackson-core/2.15.3/jackson-core-2.15.3.jar:/Users/rybina/.m2/repository/com/fasterxml/jackson/datatype/jackson-datatype-jdk8/2.15.3/jackson-datatype-jdk8-2.15.3.jar:/Users/rybina/.m2/repository/com/fasterxml/jackson/datatype/jackson-datatype-jsr310/2.15.3/jackson-datatype-jsr310-2.15.3.jar:/Users/rybina/.m2/repository/com/fasterxml/jackson/module/jackson-module-parameter-names/2.15.3/jackson-module-parameter-names-2.15.3.jar:/Users/rybina/.m2/repository/org/springframework/boot/spring-boot-starter-tomcat/3.1.5/spring-boot-starter-tomcat-3.1.5.jar:/Users/rybina/.m2/repository/org/apache/tomcat/embed/tomcat-embed-core/10.1.15/tomcat-embed-core-10.1.15.jar:/Users/rybina/.m2/repository/org/apache/tomcat/embed/tomcat-embed-websocket/10.1.15/tomcat-embed-websocket-10.1.15.jar:/Users/rybina/.m2/repository/org/springframework/spring-web/6.0.13/spring-web-6.0.13.jar:/Users/rybina/.m2/repository/org/springframework/spring-webmvc/6.0.13/spring-webmvc-6.0.13.jar:/Users/rybina/.m2/repository/org/hibernate/orm/hibernate-jpamodelgen/6.3.1.Final/hibernate-jpamodelgen-6.3.1.Final.jar:/Users/rybina/.m2/repository/org/jboss/logging/jboss-logging/3.5.3.Final/jboss-logging-3.5.3.Final.jar:/Users/rybina/.m2/repository/org/antlr/antlr4-runtime/4.10.1/antlr4-runtime-4.10.1.jar:/Users/rybina/.m2/repository/net/bytebuddy/byte-buddy/1.14.9/byte-buddy-1.14.9.jar:/Users/rybina/.m2/repository/org/postgresql/postgresql/42.6.0/postgresql-42.6.0.jar:/Users/rybina/.m2/repository/org/checkerframework/checker-qual/3.31.0/checker-qual-3.31.0.jar:/Users/rybina/.m2/repository/org/springframework/boot/spring-boot-starter-test/3.1.5/spring-boot-starter-test-3.1.5.jar:/Users/rybina/.m2/repository/org/springframework/boot/spring-boot-test/3.1.5/spring-boot-test-3.1.5.jar:/Users/rybina/.m2/repository/org/springframework/boot/spring-boot-test-autoconfigure/3.1.5/spring-boot-test-autoconfigure-3.1.5.jar:/Users/rybina/.m2/repository/com/jayway/jsonpath/json-path/2.8.0/json-path-2.8.0.jar:/Users/rybina/.m2/repository/net/minidev/json-smart/2.4.11/json-smart-2.4.11.jar:/Users/rybina/.m2/repository/net/minidev/accessors-smart/2.4.11/accessors-smart-2.4.11.jar:/Users/rybina/.m2/repository/org/ow2/asm/asm/9.3/asm-9.3.jar:/Users/rybina/.m2/repository/org/assertj/assertj-core/3.24.2/assertj-core-3.24.2.jar:/Users/rybina/.m2/repository/org/hamcrest/hamcrest/2.2/hamcrest-2.2.jar:/Users/rybina/.m2/repository/org/junit/jupiter/junit-jupiter/5.9.3/junit-jupiter-5.9.3.jar:/Users/rybina/.m2/repository/org/junit/jupiter/junit-jupiter-api/5.9.3/junit-jupiter-api-5.9.3.jar:/Users/rybina/.m2/repository/org/opentest4j/opentest4j/1.2.0/opentest4j-1.2.0.jar:/Users/rybina/.m2/repository/org/junit/platform/junit-platform-commons/1.9.3/junit-platform-commons-1.9.3.jar:/Users/rybina/.m2/repository/org/apiguardian/apiguardian-api/1.1.2/apiguardian-api-1.1.2.jar:/Users/rybina/.m2/repository/org/junit/jupiter/junit-jupiter-params/5.9.3/junit-jupiter-params-5.9.3.jar:/Users/rybina/.m2/repository/org/junit/jupiter/junit-jupiter-engine/5.9.3/junit-jupiter-engine-5.9.3.jar:/Users/rybina/.m2/repository/org/junit/platform/junit-platform-engine/1.9.3/junit-platform-engine-1.9.3.jar:/Users/rybina/.m2/repository/org/mockito/mockito-core/5.3.1/mockito-core-5.3.1.jar:/Users/rybina/.m2/repository/net/bytebuddy/byte-buddy-agent/1.14.9/byte-buddy-agent-1.14.9.jar:/Users/rybina/.m2/repository/org/objenesis/objenesis/3.3/objenesis-3.3.jar:/Users/rybina/.m2/repository/org/mockito/mockito-junit-jupiter/5.3.1/mockito-junit-jupiter-5.3.1.jar:/Users/rybina/.m2/repository/org/skyscreamer/jsonassert/1.5.1/jsonassert-1.5.1.jar:/Users/rybina/.m2/repository/com/vaadin/external/google/android-json/0.0.20131108.vaadin1/android-json-0.0.20131108.vaadin1.jar:/Users/rybina/.m2/repository/org/springframework/spring-core/6.0.13/spring-core-6.0.13.jar:/Users/rybina/.m2/repository/org/springframework/spring-jcl/6.0.13/spring-jcl-6.0.13.jar:/Users/rybina/.m2/repository/org/springframework/spring-test/6.0.13/spring-test-6.0.13.jar:/Users/rybina/.m2/repository/org/xmlunit/xmlunit-core/2.9.1/xmlunit-core-2.9.1.jar:/Users/rybina/.m2/repository/org/springframework/security/spring-security-test/6.1.5/spring-security-test-6.1.5.jar:/Users/rybina/.m2/repository/jakarta/xml/bind/jakarta.xml.bind-api/3.0.1/jakarta.xml.bind-api-3.0.1.jar:/Users/rybina/.m2/repository/com/sun/activation/jakarta.activation/2.0.1/jakarta.activation-2.0.1.jar:/Users/rybina/.m2/repository/org/glassfish/jaxb/jaxb-runtime/3.0.2/jaxb-runtime-3.0.2.jar:/Users/rybina/.m2/repository/org/glassfish/jaxb/jaxb-core/4.0.3/jaxb-core-4.0.3.jar:/Users/rybina/.m2/repository/jakarta/activation/jakarta.activation-api/2.1.2/jakarta.activation-api-2.1.2.jar:/Users/rybina/.m2/repository/org/eclipse/angus/angus-activation/2.0.1/angus-activation-2.0.1.jar:/Users/rybina/.m2/repository/org/glassfish/jaxb/txw2/4.0.3/txw2-4.0.3.jar:/Users/rybina/.m2/repository/com/sun/istack/istack-commons-runtime/4.1.2/istack-commons-runtime-4.1.2.jar:/Users/rybina/.m2/repository/org/springframework/security/spring-security-core/6.1.5/spring-security-core-6.1.5.jar:/Users/rybina/.m2/repository/org/springframework/security/spring-security-crypto/6.1.5/spring-security-crypto-6.1.5.jar:/Users/rybina/.m2/repository/org/springframework/spring-beans/6.0.13/spring-beans-6.0.13.jar:/Users/rybina/.m2/repository/org/springframework/spring-context/6.0.13/spring-context-6.0.13.jar:/Users/rybina/.m2/repository/org/springframework/spring-expression/6.0.13/spring-expression-6.0.13.jar:/Users/rybina/.m2/repository/io/micrometer/micrometer-observation/1.11.5/micrometer-observation-1.11.5.jar:/Users/rybina/.m2/repository/io/micrometer/micrometer-commons/1.11.5/micrometer-commons-1.11.5.jar:"/>
    <property name="java.vm.vendor" value="Oracle Corporation"/>
    <property name="sun.arch.data.model" value="64"/>
    <property name="java.vendor.url" value="https://java.oracle.com/"/>
    <property name="user.timezone" value="Europe/Prague"/>
    <property name="org.jboss.logging.provider" value="slf4j"/>
    <property name="os.name" value="Mac OS X"/>
    <property name="java.vm.specification.version" value="20"/>
    <property name="sun.java.launcher" value="SUN_STANDARD"/>
    <property name="user.country" value="UA"/>
    <property name="sun.boot.library.path" value="/Users/rybina/Library/Java/JavaVirtualMachines/openjdk-20.0.1/Contents/Home/lib"/>
    <property name="sun.java.command" value="/Users/rybina/CTU/hotelreservation/target/surefire/surefirebooter-20240107220347992_3.jar /Users/rybina/CTU/hotelreservation/target/surefire 2024-01-07T22-03-47_920-jvmRun1 surefire-20240107220347992_1tmp surefire_0-20240107220347992_2tmp"/>
    <property name="http.nonProxyHosts" value="local|*.local|169.254/16|*.169.254/16"/>
    <property name="jdk.debug" value="release"/>
    <property name="surefire.test.class.path" value="/Users/rybina/CTU/hotelreservation/target/test-classes:/Users/rybina/CTU/hotelreservation/target/classes:/Users/rybina/.m2/repository/org/passay/passay/1.6.4/passay-1.6.4.jar:/Users/rybina/.m2/repository/com/h2database/h2/2.1.214/h2-2.1.214.jar:/Users/rybina/.m2/repository/org/springframework/boot/spring-boot-starter-data-jpa/3.1.5/spring-boot-starter-data-jpa-3.1.5.jar:/Users/rybina/.m2/repository/org/springframework/boot/spring-boot-starter-aop/3.1.5/spring-boot-starter-aop-3.1.5.jar:/Users/rybina/.m2/repository/org/aspectj/aspectjweaver/1.9.20/aspectjweaver-1.9.20.jar:/Users/rybina/.m2/repository/org/springframework/boot/spring-boot-starter-jdbc/3.1.5/spring-boot-starter-jdbc-3.1.5.jar:/Users/rybina/.m2/repository/com/zaxxer/HikariCP/5.0.1/HikariCP-5.0.1.jar:/Users/rybina/.m2/repository/org/springframework/spring-jdbc/6.0.13/spring-jdbc-6.0.13.jar:/Users/rybina/.m2/repository/org/hibernate/orm/hibernate-core/6.2.13.Final/hibernate-core-6.2.13.Final.jar:/Users/rybina/.m2/repository/jakarta/persistence/jakarta.persistence-api/3.1.0/jakarta.persistence-api-3.1.0.jar:/Users/rybina/.m2/repository/jakarta/transaction/jakarta.transaction-api/2.0.1/jakarta.transaction-api-2.0.1.jar:/Users/rybina/.m2/repository/org/hibernate/common/hibernate-commons-annotations/6.0.6.Final/hibernate-commons-annotations-6.0.6.Final.jar:/Users/rybina/.m2/repository/io/smallrye/jandex/3.0.5/jandex-3.0.5.jar:/Users/rybina/.m2/repository/com/fasterxml/classmate/1.5.1/classmate-1.5.1.jar:/Users/rybina/.m2/repository/jakarta/inject/jakarta.inject-api/2.0.1/jakarta.inject-api-2.0.1.jar:/Users/rybina/.m2/repository/org/springframework/data/spring-data-jpa/3.1.5/spring-data-jpa-3.1.5.jar:/Users/rybina/.m2/repository/org/springframework/data/spring-data-commons/3.1.5/spring-data-commons-3.1.5.jar:/Users/rybina/.m2/repository/org/springframework/spring-orm/6.0.13/spring-orm-6.0.13.jar:/Users/rybina/.m2/repository/org/springframework/spring-tx/6.0.13/spring-tx-6.0.13.jar:/Users/rybina/.m2/repository/jakarta/annotation/jakarta.annotation-api/2.1.1/jakarta.annotation-api-2.1.1.jar:/Users/rybina/.m2/repository/org/slf4j/slf4j-api/2.0.9/slf4j-api-2.0.9.jar:/Users/rybina/.m2/repository/org/springframework/spring-aspects/6.0.13/spring-aspects-6.0.13.jar:/Users/rybina/.m2/repository/org/springframework/boot/spring-boot-starter-security/3.1.5/spring-boot-starter-security-3.1.5.jar:/Users/rybina/.m2/repository/org/springframework/boot/spring-boot-starter/3.1.5/spring-boot-starter-3.1.5.jar:/Users/rybina/.m2/repository/org/springframework/boot/spring-boot/3.1.5/spring-boot-3.1.5.jar:/Users/rybina/.m2/repository/org/springframework/boot/spring-boot-autoconfigure/3.1.5/spring-boot-autoconfigure-3.1.5.jar:/Users/rybina/.m2/repository/org/springframework/boot/spring-boot-starter-logging/3.1.5/spring-boot-starter-logging-3.1.5.jar:/Users/rybina/.m2/repository/ch/qos/logback/logback-classic/1.4.11/logback-classic-1.4.11.jar:/Users/rybina/.m2/repository/ch/qos/logback/logback-core/1.4.11/logback-core-1.4.11.jar:/Users/rybina/.m2/repository/org/apache/logging/log4j/log4j-to-slf4j/2.20.0/log4j-to-slf4j-2.20.0.jar:/Users/rybina/.m2/repository/org/apache/logging/log4j/log4j-api/2.20.0/log4j-api-2.20.0.jar:/Users/rybina/.m2/repository/org/slf4j/jul-to-slf4j/2.0.9/jul-to-slf4j-2.0.9.jar:/Users/rybina/.m2/repository/org/yaml/snakeyaml/1.33/snakeyaml-1.33.jar:/Users/rybina/.m2/repository/org/springframework/spring-aop/6.0.13/spring-aop-6.0.13.jar:/Users/rybina/.m2/repository/org/springframework/security/spring-security-config/6.1.5/spring-security-config-6.1.5.jar:/Users/rybina/.m2/repository/org/springframework/security/spring-security-web/6.1.5/spring-security-web-6.1.5.jar:/Users/rybina/.m2/repository/org/springframework/boot/spring-boot-starter-thymeleaf/3.1.5/spring-boot-starter-thymeleaf-3.1.5.jar:/Users/rybina/.m2/repository/org/thymeleaf/thymeleaf-spring6/3.1.2.RELEASE/thymeleaf-spring6-3.1.2.RELEASE.jar:/Users/rybina/.m2/repository/org/thymeleaf/thymeleaf/3.1.2.RELEASE/thymeleaf-3.1.2.RELEASE.jar:/Users/rybina/.m2/repository/org/attoparser/attoparser/2.0.7.RELEASE/attoparser-2.0.7.RELEASE.jar:/Users/rybina/.m2/repository/org/unbescape/unbescape/1.1.6.RELEASE/unbescape-1.1.6.RELEASE.jar:/Users/rybina/.m2/repository/org/springframework/boot/spring-boot-starter-validation/3.1.5/spring-boot-starter-validation-3.1.5.jar:/Users/rybina/.m2/repository/org/apache/tomcat/embed/tomcat-embed-el/10.1.15/tomcat-embed-el-10.1.15.jar:/Users/rybina/.m2/repository/org/hibernate/validator/hibernate-validator/8.0.1.Final/hibernate-validator-8.0.1.Final.jar:/Users/rybina/.m2/repository/jakarta/validation/jakarta.validation-api/3.0.2/jakarta.validation-api-3.0.2.jar:/Users/rybina/.m2/repository/org/springframework/boot/spring-boot-starter-web/3.1.5/spring-boot-starter-web-3.1.5.jar:/Users/rybina/.m2/repository/org/springframework/boot/spring-boot-starter-json/3.1.5/spring-boot-starter-json-3.1.5.jar:/Users/rybina/.m2/repository/com/fasterxml/jackson/core/jackson-databind/2.15.3/jackson-databind-2.15.3.jar:/Users/rybina/.m2/repository/com/fasterxml/jackson/core/jackson-annotations/2.15.3/jackson-annotations-2.15.3.jar:/Users/rybina/.m2/repository/com/fasterxml/jackson/core/jackson-core/2.15.3/jackson-core-2.15.3.jar:/Users/rybina/.m2/repository/com/fasterxml/jackson/datatype/jackson-datatype-jdk8/2.15.3/jackson-datatype-jdk8-2.15.3.jar:/Users/rybina/.m2/repository/com/fasterxml/jackson/datatype/jackson-datatype-jsr310/2.15.3/jackson-datatype-jsr310-2.15.3.jar:/Users/rybina/.m2/repository/com/fasterxml/jackson/module/jackson-module-parameter-names/2.15.3/jackson-module-parameter-names-2.15.3.jar:/Users/rybina/.m2/repository/org/springframework/boot/spring-boot-starter-tomcat/3.1.5/spring-boot-starter-tomcat-3.1.5.jar:/Users/rybina/.m2/repository/org/apache/tomcat/embed/tomcat-embed-core/10.1.15/tomcat-embed-core-10.1.15.jar:/Users/rybina/.m2/repository/org/apache/tomcat/embed/tomcat-embed-websocket/10.1.15/tomcat-embed-websocket-10.1.15.jar:/Users/rybina/.m2/repository/org/springframework/spring-web/6.0.13/spring-web-6.0.13.jar:/Users/rybina/.m2/repository/org/springframework/spring-webmvc/6.0.13/spring-webmvc-6.0.13.jar:/Users/rybina/.m2/repository/org/hibernate/orm/hibernate-jpamodelgen/6.3.1.Final/hibernate-jpamodelgen-6.3.1.Final.jar:/Users/rybina/.m2/repository/org/jboss/logging/jboss-logging/3.5.3.Final/jboss-logging-3.5.3.Final.jar:/Users/rybina/.m2/repository/org/antlr/antlr4-runtime/4.10.1/antlr4-runtime-4.10.1.jar:/Users/rybina/.m2/repository/net/bytebuddy/byte-buddy/1.14.9/byte-buddy-1.14.9.jar:/Users/rybina/.m2/repository/org/postgresql/postgresql/42.6.0/postgresql-42.6.0.jar:/Users/rybina/.m2/repository/org/checkerframework/checker-qual/3.31.0/checker-qual-3.31.0.jar:/Users/rybina/.m2/repository/org/springframework/boot/spring-boot-starter-test/3.1.5/spring-boot-starter-test-3.1.5.jar:/Users/rybina/.m2/repository/org/springframework/boot/spring-boot-test/3.1.5/spring-boot-test-3.1.5.jar:/Users/rybina/.m2/repository/org/springframework/boot/spring-boot-test-autoconfigure/3.1.5/spring-boot-test-autoconfigure-3.1.5.jar:/Users/rybina/.m2/repository/com/jayway/jsonpath/json-path/2.8.0/json-path-2.8.0.jar:/Users/rybina/.m2/repository/net/minidev/json-smart/2.4.11/json-smart-2.4.11.jar:/Users/rybina/.m2/repository/net/minidev/accessors-smart/2.4.11/accessors-smart-2.4.11.jar:/Users/rybina/.m2/repository/org/ow2/asm/asm/9.3/asm-9.3.jar:/Users/rybina/.m2/repository/org/assertj/assertj-core/3.24.2/assertj-core-3.24.2.jar:/Users/rybina/.m2/repository/org/hamcrest/hamcrest/2.2/hamcrest-2.2.jar:/Users/rybina/.m2/repository/org/junit/jupiter/junit-jupiter/5.9.3/junit-jupiter-5.9.3.jar:/Users/rybina/.m2/repository/org/junit/jupiter/junit-jupiter-api/5.9.3/junit-jupiter-api-5.9.3.jar:/Users/rybina/.m2/repository/org/opentest4j/opentest4j/1.2.0/opentest4j-1.2.0.jar:/Users/rybina/.m2/repository/org/junit/platform/junit-platform-commons/1.9.3/junit-platform-commons-1.9.3.jar:/Users/rybina/.m2/repository/org/apiguardian/apiguardian-api/1.1.2/apiguardian-api-1.1.2.jar:/Users/rybina/.m2/repository/org/junit/jupiter/junit-jupiter-params/5.9.3/junit-jupiter-params-5.9.3.jar:/Users/rybina/.m2/repository/org/junit/jupiter/junit-jupiter-engine/5.9.3/junit-jupiter-engine-5.9.3.jar:/Users/rybina/.m2/repository/org/junit/platform/junit-platform-engine/1.9.3/junit-platform-engine-1.9.3.jar:/Users/rybina/.m2/repository/org/mockito/mockito-core/5.3.1/mockito-core-5.3.1.jar:/Users/rybina/.m2/repository/net/bytebuddy/byte-buddy-agent/1.14.9/byte-buddy-agent-1.14.9.jar:/Users/rybina/.m2/repository/org/objenesis/objenesis/3.3/objenesis-3.3.jar:/Users/rybina/.m2/repository/org/mockito/mockito-junit-jupiter/5.3.1/mockito-junit-jupiter-5.3.1.jar:/Users/rybina/.m2/repository/org/skyscreamer/jsonassert/1.5.1/jsonassert-1.5.1.jar:/Users/rybina/.m2/repository/com/vaadin/external/google/android-json/0.0.20131108.vaadin1/android-json-0.0.20131108.vaadin1.jar:/Users/rybina/.m2/repository/org/springframework/spring-core/6.0.13/spring-core-6.0.13.jar:/Users/rybina/.m2/repository/org/springframework/spring-jcl/6.0.13/spring-jcl-6.0.13.jar:/Users/rybina/.m2/repository/org/springframework/spring-test/6.0.13/spring-test-6.0.13.jar:/Users/rybina/.m2/repository/org/xmlunit/xmlunit-core/2.9.1/xmlunit-core-2.9.1.jar:/Users/rybina/.m2/repository/org/springframework/security/spring-security-test/6.1.5/spring-security-test-6.1.5.jar:/Users/rybina/.m2/repository/jakarta/xml/bind/jakarta.xml.bind-api/3.0.1/jakarta.xml.bind-api-3.0.1.jar:/Users/rybina/.m2/repository/com/sun/activation/jakarta.activation/2.0.1/jakarta.activation-2.0.1.jar:/Users/rybina/.m2/repository/org/glassfish/jaxb/jaxb-runtime/3.0.2/jaxb-runtime-3.0.2.jar:/Users/rybina/.m2/repository/org/glassfish/jaxb/jaxb-core/4.0.3/jaxb-core-4.0.3.jar:/Users/rybina/.m2/repository/jakarta/activation/jakarta.activation-api/2.1.2/jakarta.activation-api-2.1.2.jar:/Users/rybina/.m2/repository/org/eclipse/angus/angus-activation/2.0.1/angus-activation-2.0.1.jar:/Users/rybina/.m2/repository/org/glassfish/jaxb/txw2/4.0.3/txw2-4.0.3.jar:/Users/rybina/.m2/repository/com/sun/istack/istack-commons-runtime/4.1.2/istack-commons-runtime-4.1.2.jar:/Users/rybina/.m2/repository/org/springframework/security/spring-security-core/6.1.5/spring-security-core-6.1.5.jar:/Users/rybina/.m2/repository/org/springframework/security/spring-security-crypto/6.1.5/spring-security-crypto-6.1.5.jar:/Users/rybina/.m2/repository/org/springframework/spring-beans/6.0.13/spring-beans-6.0.13.jar:/Users/rybina/.m2/repository/org/springframework/spring-context/6.0.13/spring-context-6.0.13.jar:/Users/rybina/.m2/repository/org/springframework/spring-expression/6.0.13/spring-expression-6.0.13.jar:/Users/rybina/.m2/repository/io/micrometer/micrometer-observation/1.11.5/micrometer-observation-1.11.5.jar:/Users/rybina/.m2/repository/io/micrometer/micrometer-commons/1.11.5/micrometer-commons-1.11.5.jar:"/>
    <property name="sun.cpu.endian" value="little"/>
    <property name="user.home" value="/Users/rybina"/>
    <property name="user.language" value="en"/>
    <property name="java.specification.vendor" value="Oracle Corporation"/>
    <property name="java.version.date" value="2023-04-18"/>
    <property name="java.home" value="/Users/rybina/Library/Java/JavaVirtualMachines/openjdk-20.0.1/Contents/Home"/>
    <property name="file.separator" value="/"/>
    <property name="basedir" value="/Users/rybina/CTU/hotelreservation"/>
    <property name="java.vm.compressedOopsMode" value="Zero based"/>
    <property name="line.separator" value="&#10;"/>
    <property name="java.vm.specification.vendor" value="Oracle Corporation"/>
    <property name="java.specification.name" value="Java Platform API Specification"/>
    <property name="FILE_LOG_CHARSET" value="UTF-8"/>
    <property name="java.awt.headless" value="true"/>
    <property name="apple.awt.application.name" value="ForkedBooter"/>
    <property name="surefire.real.class.path" value="/Users/rybina/CTU/hotelreservation/target/surefire/surefirebooter-20240107220347992_3.jar"/>
    <property name="sun.management.compiler" value="HotSpot 64-Bit Tiered Compilers"/>
    <property name="ftp.nonProxyHosts" value="local|*.local|169.254/16|*.169.254/16"/>
    <property name="java.runtime.version" value="20.0.1+9-29"/>
    <property name="user.name" value="rybina"/>
    <property name="stdout.encoding" value="UTF-8"/>
    <property name="path.separator" value=":"/>
    <property name="os.version" value="14.1"/>
    <property name="java.runtime.name" value="OpenJDK Runtime Environment"/>
    <property name="file.encoding" value="UTF-8"/>
    <property name="java.vm.name" value="OpenJDK 64-Bit Server VM"/>
    <property name="localRepository" value="/Users/rybina/.m2/repository"/>
    <property name="java.vendor.url.bug" value="https://bugreport.java.com/bugreport/"/>
    <property name="java.io.tmpdir" value="/var/folders/0v/xp__9q4x379c128vfwzwkhmr0000gn/T/"/>
    <property name="com.zaxxer.hikari.pool_number" value="1"/>
    <property name="java.version" value="20.0.1"/>
    <property name="user.dir" value="/Users/rybina/CTU/hotelreservation"/>
    <property name="os.arch" value="aarch64"/>
    <property name="java.vm.specification.name" value="Java Virtual Machine Specification"/>
    <property name="PID" value="62238"/>
    <property name="CONSOLE_LOG_CHARSET" value="UTF-8"/>
    <property name="native.encoding" value="UTF-8"/>
    <property name="java.library.path" value="/Users/rybina/Library/Java/Extensions:/Library/Java/Extensions:/Network/Library/Java/Extensions:/System/Library/Java/Extensions:/usr/lib/java:."/>
    <property name="java.vm.info" value="mixed mode, sharing"/>
    <property name="stderr.encoding" value="UTF-8"/>
    <property name="java.vendor" value="Oracle Corporation"/>
    <property name="java.vm.version" value="20.0.1+9-29"/>
    <property name="sun.io.unicode.encoding" value="UnicodeBig"/>
    <property name="socksNonProxyHosts" value="local|*.local|169.254/16|*.169.254/16"/>
    <property name="java.class.version" value="64.0"/>
  </properties>
  <testcase name="testFindByBillNumber" classname="com.hotel.reservationSystem.services.ReservationServiceTest" time="0.069">
    <system-out><![CDATA[22:03:48.622 [main] INFO org.springframework.test.context.support.AnnotationConfigContextLoaderUtils -- Could not detect default configuration classes for test class [com.hotel.reservationSystem.services.ReservationServiceTest]: ReservationServiceTest does not declare any static, non-private, non-final, nested classes annotated with @Configuration.
22:03:48.695 [main] INFO org.springframework.boot.test.context.SpringBootTestContextBootstrapper -- Found @SpringBootConfiguration com.hotel.reservationSystem.HotelApplication for test class com.hotel.reservationSystem.services.ReservationServiceTest

  .   ____          _            __ _ _
 /\\ / ___'_ __ _ _(_)_ __  __ _ \ \ \ \
( ( )\___ | '_ | '_| | '_ \/ _` | \ \ \ \
 \\/  ___)| |_)| | | | | || (_| |  ) ) ) )
  '  |____| .__|_| |_|_| |_\__, | / / / /
 =========|_|==============|___/=/_/_/_/
 :: Spring Boot ::                (v3.1.5)

2024-01-07T22:03:48.941+01:00  INFO 62238 --- [           main] c.h.r.services.ReservationServiceTest    : Starting ReservationServiceTest using Java 20.0.1 with PID 62238 (started by rybina in /Users/rybina/CTU/hotelreservation)
2024-01-07T22:03:48.942+01:00  INFO 62238 --- [           main] c.h.r.services.ReservationServiceTest    : No active profile set, falling back to 1 default profile: "default"
2024-01-07T22:03:49.439+01:00  INFO 62238 --- [           main] .s.d.r.c.RepositoryConfigurationDelegate : Bootstrapping Spring Data JPA repositories in DEFAULT mode.
2024-01-07T22:03:49.490+01:00  INFO 62238 --- [           main] .s.d.r.c.RepositoryConfigurationDelegate : Finished Spring Data repository scanning in 45 ms. Found 8 JPA repository interfaces.
2024-01-07T22:03:49.813+01:00  INFO 62238 --- [           main] com.zaxxer.hikari.HikariDataSource       : HikariPool-1 - Starting...
2024-01-07T22:03:49.933+01:00  INFO 62238 --- [           main] com.zaxxer.hikari.pool.HikariPool        : HikariPool-1 - Added connection conn0: url=jdbc:h2:mem:test user=POSTGRES
2024-01-07T22:03:49.934+01:00  INFO 62238 --- [           main] com.zaxxer.hikari.HikariDataSource       : HikariPool-1 - Start completed.
2024-01-07T22:03:50.064+01:00  INFO 62238 --- [           main] o.hibernate.jpa.internal.util.LogHelper  : HHH000204: Processing PersistenceUnitInfo [name: default]
2024-01-07T22:03:50.106+01:00  INFO 62238 --- [           main] org.hibernate.Version                    : HHH000412: Hibernate ORM core version 6.2.13.Final
2024-01-07T22:03:50.108+01:00  INFO 62238 --- [           main] org.hibernate.cfg.Environment            : HHH000406: Using bytecode reflection optimizer
2024-01-07T22:03:50.272+01:00  INFO 62238 --- [           main] o.s.o.j.p.SpringPersistenceUnitInfo      : No LoadTimeWeaver setup: ignoring JPA class transformer
2024-01-07T22:03:50.302+01:00  WARN 62238 --- [           main] org.hibernate.dialect.Dialect            : HHH000511: The 2.1.0 version for [org.hibernate.dialect.PostgreSQLDialect] is no longer supported, hence certain features may not work properly. The minimum supported version is 10.0.0. Check the community dialects project for available legacy versions.
2024-01-07T22:03:50.306+01:00  WARN 62238 --- [           main] org.hibernate.orm.deprecation            : HHH90000025: PostgreSQLDialect does not need to be specified explicitly using 'hibernate.dialect' (remove the property setting and it will be selected by default)
2024-01-07T22:03:51.093+01:00  INFO 62238 --- [           main] o.h.e.t.j.p.i.JtaPlatformInitiator       : HHH000489: No JTA platform available (set 'hibernate.transaction.jta.platform' to enable JTA platform integration)
Hibernate: alter table if exists category_room drop constraint if exists FKdeu1njljw84dp9eb8ajhy6jg8
Hibernate: alter table if exists category_room drop constraint if exists FKjhudgdlshi2moeathkus1kwf9
Hibernate: alter table if exists payment drop constraint if exists FKrewpj5f9v9xehy4ga8g221nw1
Hibernate: alter table if exists reservation drop constraint if exists FKm25r28103jb9lske61acewdlf
Hibernate: alter table if exists room drop constraint if exists FKdosq3ww4h9m2osim6o0lugng8
Hibernate: alter table if exists room_cart drop constraint if exists FK1ajf2bnshilksqetdnmrcv9xl
Hibernate: alter table if exists room_cart drop constraint if exists FKafol943mjv46uhttsoleii7hs
Hibernate: alter table if exists room_item drop constraint if exists FKjmv7rvflibm5u9xp67q50l287
Hibernate: drop table if exists app_user cascade
Hibernate: drop table if exists category cascade
Hibernate: drop table if exists category_room cascade
Hibernate: drop table if exists hotel cascade
Hibernate: drop table if exists payment cascade
Hibernate: drop table if exists reservation cascade
Hibernate: drop table if exists room cascade
Hibernate: drop table if exists room_cart cascade
Hibernate: drop table if exists room_item cascade
Hibernate: create table app_user (id serial not null, email varchar(255), first_name varchar(255), last_name varchar(255), password varchar(255), phone varchar(255), role varchar(255) check (role in ('USER','ADMIN')), primary key (id))
Hibernate: create table category (id serial not null, name varchar(255), primary key (id))
Hibernate: create table category_room (category_id integer not null, room_id integer not null)
Hibernate: create table hotel (id serial not null, address varchar(255), name varchar(255), primary key (id))
Hibernate: create table payment (amount float(53), bill_number integer, date date, id serial not null, reservation_id integer unique, primary key (id))
Hibernate: create table reservation (created_at date, id serial not null, user_id integer, primary key (id))
Hibernate: create table room (hotel_id integer, id serial not null, price float(53), description varchar(255), name varchar(255), room_classification varchar(255) check (room_classification in ('LUX','DELUXE','STANDARD','ECONOMY')), room_type varchar(255) check (room_type in ('DOUBLE','FAMILY','SINGLE')), primary key (id))
Hibernate: create table room_cart (id serial not null, reservation_id integer, reserved_from date, reserved_to date, room_item_id integer, primary key (id))
Hibernate: create table room_item (id serial not null, room_id integer, room_number integer, primary key (id))
Hibernate: alter table if exists category_room add constraint FKdeu1njljw84dp9eb8ajhy6jg8 foreign key (category_id) references category
Hibernate: alter table if exists category_room add constraint FKjhudgdlshi2moeathkus1kwf9 foreign key (room_id) references room
Hibernate: alter table if exists payment add constraint FKrewpj5f9v9xehy4ga8g221nw1 foreign key (reservation_id) references reservation
Hibernate: alter table if exists reservation add constraint FKm25r28103jb9lske61acewdlf foreign key (user_id) references app_user
Hibernate: alter table if exists room add constraint FKdosq3ww4h9m2osim6o0lugng8 foreign key (hotel_id) references hotel
Hibernate: alter table if exists room_cart add constraint FK1ajf2bnshilksqetdnmrcv9xl foreign key (reservation_id) references reservation
Hibernate: alter table if exists room_cart add constraint FKafol943mjv46uhttsoleii7hs foreign key (room_item_id) references room_item
Hibernate: alter table if exists room_item add constraint FKjmv7rvflibm5u9xp67q50l287 foreign key (room_id) references room
2024-01-07T22:03:51.128+01:00  INFO 62238 --- [           main] j.LocalContainerEntityManagerFactoryBean : Initialized JPA EntityManagerFactory for persistence unit 'default'
2024-01-07T22:03:51.368+01:00  INFO 62238 --- [           main] o.s.d.j.r.query.QueryEnhancerFactory     : Hibernate is in classpath; If applicable, HQL parser will be used.
2024-01-07T22:03:51.787+01:00  WARN 62238 --- [           main] JpaBaseConfiguration$JpaWebConfiguration : spring.jpa.open-in-view is enabled by default. Therefore, database queries may be performed during view rendering. Explicitly configure spring.jpa.open-in-view to disable this warning
2024-01-07T22:03:51.924+01:00  INFO 62238 --- [           main] o.s.s.web.DefaultSecurityFilterChain     : Will secure any request with [org.springframework.security.web.session.DisableEncodeUrlFilter@5d8de155, org.springframework.security.web.context.request.async.WebAsyncManagerIntegrationFilter@1d0590bc, org.springframework.security.web.context.SecurityContextHolderFilter@297da2c3, org.springframework.security.web.header.HeaderWriterFilter@6ea4b4b2, org.springframework.security.web.csrf.CsrfFilter@58b03882, org.springframework.security.web.authentication.logout.LogoutFilter@4ff3ca23, org.springframework.security.web.authentication.UsernamePasswordAuthenticationFilter@2e29a7d, org.springframework.security.web.authentication.www.BasicAuthenticationFilter@3b5f72fa, org.springframework.security.web.savedrequest.RequestCacheAwareFilter@2b9bacb8, org.springframework.security.web.servletapi.SecurityContextHolderAwareRequestFilter@2850fe85, org.springframework.security.web.authentication.AnonymousAuthenticationFilter@6d4dac56, org.springframework.security.web.access.ExceptionTranslationFilter@3c5797c6, org.springframework.security.web.access.intercept.FilterSecurityInterceptor@27115d45]
2024-01-07T22:03:52.275+01:00  INFO 62238 --- [           main] c.h.r.services.ReservationServiceTest    : Started ReservationServiceTest in 3.491 seconds (process running for 4.219)
]]></system-out>
  </testcase>
  <testcase name="testFindAll" classname="com.hotel.reservationSystem.services.ReservationServiceTest" time="0.006"/>
  <testcase name="testFind" classname="com.hotel.reservationSystem.services.ReservationServiceTest" time="0.005"/>
  <testcase name="testSave" classname="com.hotel.reservationSystem.services.ReservationServiceTest" time="0.006"/>
  <testcase name="findReservationsByUserNameTest" classname="com.hotel.reservationSystem.services.ReservationServiceTest" time="0.189">
    <system-out><![CDATA[Hibernate: insert into category (name) values (?)
Hibernate: insert into category (name) values (?)
Hibernate: insert into room (description,hotel_id,name,price,room_classification,room_type) values (?,?,?,?,?,?)
Hibernate: insert into room (description,hotel_id,name,price,room_classification,room_type) values (?,?,?,?,?,?)
Hibernate: insert into room (description,hotel_id,name,price,room_classification,room_type) values (?,?,?,?,?,?)
Hibernate: insert into room_item (room_id,room_number) values (?,?)
Hibernate: insert into room_cart (reservation_id,reserved_from,reserved_to,room_item_id) values (?,?,?,?)
Hibernate: insert into app_user (email,first_name,last_name,password,phone,role) values (?,?,?,?,?,?)
Hibernate: insert into reservation (created_at,user_id) values (?,?)
Hibernate: select r1_0.id,r1_0.created_at,r1_0.user_id from reservation r1_0 join app_user u1_0 on u1_0.id=r1_0.user_id where u1_0.first_name=? and u1_0.last_name=?
]]></system-out>
  </testcase>
  <testcase name="testFindByReservation" classname="com.hotel.reservationSystem.services.ReservationServiceTest" time="0.004"/>
  <testcase name="testDelete" classname="com.hotel.reservationSystem.services.ReservationServiceTest" time="0.005"/>
  <testcase name="findReservationsByRoomNumberTest" classname="com.hotel.reservationSystem.services.ReservationServiceTest" time="0.045">
    <system-out><![CDATA[Hibernate: insert into category (name) values (?)
Hibernate: insert into category (name) values (?)
Hibernate: insert into room (description,hotel_id,name,price,room_classification,room_type) values (?,?,?,?,?,?)
Hibernate: insert into room (description,hotel_id,name,price,room_classification,room_type) values (?,?,?,?,?,?)
Hibernate: insert into room (description,hotel_id,name,price,room_classification,room_type) values (?,?,?,?,?,?)
Hibernate: insert into room_item (room_id,room_number) values (?,?)
Hibernate: insert into room_cart (reservation_id,reserved_from,reserved_to,room_item_id) values (?,?,?,?)
Hibernate: insert into app_user (email,first_name,last_name,password,phone,role) values (?,?,?,?,?,?)
Hibernate: insert into reservation (created_at,user_id) values (?,?)
Hibernate: update room_cart set reservation_id=?,reserved_from=?,reserved_to=?,room_item_id=? where id=?
Hibernate: insert into category_room (room_id,category_id) values (?,?)
Hibernate: insert into category_room (room_id,category_id) values (?,?)
Hibernate: insert into category_room (room_id,category_id) values (?,?)
Hibernate: insert into category_room (room_id,category_id) values (?,?)
Hibernate: select distinct r1_0.id,r1_0.created_at,r1_0.user_id from reservation r1_0 join room_cart r2_0 on r1_0.id=r2_0.reservation_id join room_item r3_0 on r3_0.id=r2_0.room_item_id where r3_0.room_number=?
]]></system-out>
  </testcase>
  <testcase name="findReservationByDateAndRoomNumberTest" classname="com.hotel.reservationSystem.services.ReservationServiceTest" time="0.018">
    <system-out><![CDATA[Hibernate: insert into category (name) values (?)
Hibernate: insert into category (name) values (?)
Hibernate: insert into room (description,hotel_id,name,price,room_classification,room_type) values (?,?,?,?,?,?)
Hibernate: insert into room (description,hotel_id,name,price,room_classification,room_type) values (?,?,?,?,?,?)
Hibernate: insert into room (description,hotel_id,name,price,room_classification,room_type) values (?,?,?,?,?,?)
Hibernate: insert into room_item (room_id,room_number) values (?,?)
Hibernate: insert into room_cart (reservation_id,reserved_from,reserved_to,room_item_id) values (?,?,?,?)
Hibernate: insert into app_user (email,first_name,last_name,password,phone,role) values (?,?,?,?,?,?)
Hibernate: insert into reservation (created_at,user_id) values (?,?)
Hibernate: update room_cart set reservation_id=?,reserved_from=?,reserved_to=?,room_item_id=? where id=?
Hibernate: insert into category_room (room_id,category_id) values (?,?)
Hibernate: insert into category_room (room_id,category_id) values (?,?)
Hibernate: insert into category_room (room_id,category_id) values (?,?)
Hibernate: insert into category_room (room_id,category_id) values (?,?)
Hibernate: select distinct r1_0.id,r1_0.created_at,r1_0.user_id from reservation r1_0 join room_cart r2_0 on r1_0.id=r2_0.reservation_id join room_item r3_0 on r3_0.id=r2_0.room_item_id where r2_0.reserved_to<=? and r2_0.reserved_from>=? and r3_0.room_number=?
]]></system-out>
  </testcase>
</testsuite>